<?xml version="1.0" encoding="UTF-8"?>
<!-- Generated by org.testng.reporters.JUnitXMLReporter -->
<testsuite hostname="HP-PC" name="Command line test" tests="2" failures="0" timestamp="2 Jul 2018 03:22:38 GMT" time="40.371" errors="0">
  <testcase name="feature" time="24.119" classname="com.cucumber.framework.runner.productCategory.TestProductsCountBasedOnColorRunner"/>
  <testcase name="feature" time="15.758" classname="com.cucumber.framework.runner.productCategory.TestTotalNumberOfWomenDressProductRunner"/>
</testsuite> <!-- Command line test -->
