<?xml version="1.0" encoding="UTF-8"?>
<testng-results skipped="0" failed="0" total="1" passed="1">
  <reporter-output>
  </reporter-output>
  <suite name="Suite111" duration-ms="102910" started-at="2018-07-02T17:17:44Z" finished-at="2018-07-02T17:19:27Z">
    <groups>
      <group name="cucumber">
        <method signature="AbstractTestNGCucumberTests.feature(cucumber.api.testng.CucumberFeatureWrapper)[pri:0, instance:com.cucumber.framework.runner.productCategory.TestProductsCountBasedOnColorRunner@ecd4b]" name="feature" class="cucumber.api.testng.AbstractTestNGCucumberTests"/>
      </group> <!-- cucumber -->
    </groups>
    <test name="FacebookLoginFeatureRunner111" duration-ms="102910" started-at="2018-07-02T17:17:44Z" finished-at="2018-07-02T17:19:27Z">
      <class name="com.cucumber.framework.runner.productCategory.TestProductsCountBasedOnColorRunner">
        <test-method status="PASS" signature="setUpClass()[pri:0, instance:com.cucumber.framework.runner.productCategory.TestProductsCountBasedOnColorRunner@ecd4b]" name="setUpClass" is-config="true" duration-ms="525" started-at="2018-07-02T22:47:44Z" finished-at="2018-07-02T22:47:44Z">
          <reporter-output>
          </reporter-output>
        </test-method> <!-- setUpClass -->
        <test-method status="PASS" signature="feature(cucumber.api.testng.CucumberFeatureWrapper)[pri:0, instance:com.cucumber.framework.runner.productCategory.TestProductsCountBasedOnColorRunner@ecd4b]" name="feature" duration-ms="102049" started-at="2018-07-02T22:47:45Z" description="Runs Cucumber Feature" data-provider="features" finished-at="2018-07-02T22:49:27Z">
          <params>
            <param index="0">
              <value>
                <![CDATA[ProductCategoryPage1]]>
              </value>
            </param>
          </params>
          <reporter-output>
          </reporter-output>
        </test-method> <!-- feature -->
        <test-method status="PASS" signature="tearDownClass()[pri:0, instance:com.cucumber.framework.runner.productCategory.TestProductsCountBasedOnColorRunner@ecd4b]" name="tearDownClass" is-config="true" duration-ms="126" started-at="2018-07-02T22:49:27Z" finished-at="2018-07-02T22:49:27Z">
          <reporter-output>
          </reporter-output>
        </test-method> <!-- tearDownClass -->
      </class> <!-- com.cucumber.framework.runner.productCategory.TestProductsCountBasedOnColorRunner -->
    </test> <!-- FacebookLoginFeatureRunner111 -->
  </suite> <!-- Suite111 -->
</testng-results>
